[0525/202551.776:ERROR:dxva_video_decode_accelerator_win.cc(1431)] DXVAVDA fatal error: could not LoadLibrary: mf.dll: The specified module could not be found. (0x7E)
[0525/202551.778:ERROR:dxva_video_decode_accelerator_win.cc(1431)] DXVAVDA fatal error: could not LoadLibrary: mfplat.dll: The specified module could not be found. (0x7E)
[0525/202551.780:ERROR:dxva_video_decode_accelerator_win.cc(1431)] DXVAVDA fatal error: could not LoadLibrary: msmpeg2vdec.dll: The specified module could not be found. (0x7E)
[0525/202551.782:ERROR:dxva_video_decode_accelerator_win.cc(1439)] DXVAVDA fatal error: could not LoadLibrary: msvproc.dll: The specified module could not be found. (0x7E)
[0525/202551.978:ERROR:dxva_video_decode_accelerator_win.cc(1341)] DXVAVDA fatal error: Could not load mf.dll: The specified module could not be found. (0x7E)
[0525/202751.726:ERROR:dxva_video_decode_accelerator_win.cc(1431)] DXVAVDA fatal error: could not LoadLibrary: mf.dll: The specified module could not be found. (0x7E)
[0525/202751.727:ERROR:dxva_video_decode_accelerator_win.cc(1431)] DXVAVDA fatal error: could not LoadLibrary: mfplat.dll: The specified module could not be found. (0x7E)
[0525/202751.728:ERROR:dxva_video_decode_accelerator_win.cc(1431)] DXVAVDA fatal error: could not LoadLibrary: msmpeg2vdec.dll: The specified module could not be found. (0x7E)
[0525/202751.729:ERROR:dxva_video_decode_accelerator_win.cc(1439)] DXVAVDA fatal error: could not LoadLibrary: msvproc.dll: The specified module could not be found. (0x7E)
[0525/202914.369:ERROR:batching_media_log.cc(38)] MediaEvent: {"error":"FFmpegDemuxer: no supported streams"}
[0525/202914.369:ERROR:batching_media_log.cc(35)] MediaEvent: {"pipeline_error":14}
[0525/202915.440:ERROR:batching_media_log.cc(38)] MediaEvent: {"error":"FFmpegDemuxer: no supported streams"}
[0525/202915.440:ERROR:batching_media_log.cc(35)] MediaEvent: {"pipeline_error":14}
[0525/203832.188:ERROR:dxva_video_decode_accelerator_win.cc(1431)] DXVAVDA fatal error: could not LoadLibrary: mf.dll: The specified module could not be found. (0x7E)
[0525/203832.189:ERROR:dxva_video_decode_accelerator_win.cc(1431)] DXVAVDA fatal error: could not LoadLibrary: mfplat.dll: The specified module could not be found. (0x7E)
[0525/203832.190:ERROR:dxva_video_decode_accelerator_win.cc(1431)] DXVAVDA fatal error: could not LoadLibrary: msmpeg2vdec.dll: The specified module could not be found. (0x7E)
[0525/203832.191:ERROR:dxva_video_decode_accelerator_win.cc(1439)] DXVAVDA fatal error: could not LoadLibrary: msvproc.dll: The specified module could not be found. (0x7E)
[0525/203832.363:ERROR:dxva_video_decode_accelerator_win.cc(1341)] DXVAVDA fatal error: Could not load mf.dll: The specified module could not be found. (0x7E)
[0525/204032.300:ERROR:dxva_video_decode_accelerator_win.cc(1431)] DXVAVDA fatal error: could not LoadLibrary: mf.dll: The specified module could not be found. (0x7E)
[0525/204032.302:ERROR:dxva_video_decode_accelerator_win.cc(1431)] DXVAVDA fatal error: could not LoadLibrary: mfplat.dll: The specified module could not be found. (0x7E)
[0525/204032.303:ERROR:dxva_video_decode_accelerator_win.cc(1431)] DXVAVDA fatal error: could not LoadLibrary: msmpeg2vdec.dll: The specified module could not be found. (0x7E)
[0525/204032.303:ERROR:dxva_video_decode_accelerator_win.cc(1439)] DXVAVDA fatal error: could not LoadLibrary: msvproc.dll: The specified module could not be found. (0x7E)
[0525/214038.895:WARNING:dns_config_service_win.cc(700)] Failed to read DnsConfig.
[0525/214038.897:WARNING:dns_config_service_win.cc(700)] Failed to read DnsConfig.
[0525/214039.214:WARNING:dns_config_service_win.cc(700)] Failed to read DnsConfig.
[0525/214039.215:WARNING:dns_config_service_win.cc(700)] Failed to read DnsConfig.
[0525/214726.470:WARNING:dns_config_service_win.cc(700)] Failed to read DnsConfig.
[0525/214726.474:WARNING:dns_config_service_win.cc(700)] Failed to read DnsConfig.
[0525/214731.475:WARNING:dns_config_service_win.cc(700)] Failed to read DnsConfig.
[0525/214731.490:WARNING:dns_config_service_win.cc(700)] Failed to read DnsConfig.
[0525/214736.479:WARNING:dns_config_service_win.cc(700)] Failed to read DnsConfig.
[0525/214736.495:WARNING:dns_config_service_win.cc(700)] Failed to read DnsConfig.
[0525/214741.483:WARNING:dns_config_service_win.cc(700)] Failed to read DnsConfig.
[0525/214741.509:WARNING:dns_config_service_win.cc(700)] Failed to read DnsConfig.
[0525/214746.488:WARNING:dns_config_service_win.cc(700)] Failed to read DnsConfig.
[0525/214746.518:WARNING:dns_config_service_win.cc(700)] Failed to read DnsConfig.
[0525/214751.493:WARNING:dns_config_service_win.cc(700)] Failed to read DnsConfig.
[0525/214751.526:WARNING:dns_config_service_win.cc(700)] Failed to read DnsConfig.
[0525/214756.496:WARNING:dns_config_service_win.cc(700)] Failed to read DnsConfig.
[0525/214756.541:WARNING:dns_config_service_win.cc(700)] Failed to read DnsConfig.
[0525/214801.499:WARNING:dns_config_service_win.cc(700)] Failed to read DnsConfig.
[0525/214801.552:WARNING:dns_config_service_win.cc(700)] Failed to read DnsConfig.
[0525/214806.502:WARNING:dns_config_service_win.cc(700)] Failed to read DnsConfig.
[0525/214806.563:WARNING:dns_config_service_win.cc(700)] Failed to read DnsConfig.
[0525/214811.506:WARNING:dns_config_service_win.cc(700)] Failed to read DnsConfig.
[0525/214811.566:WARNING:dns_config_service_win.cc(700)] Failed to read DnsConfig.
[0525/215719.587:WARNING:dns_config_service_win.cc(700)] Failed to read DnsConfig.
[0525/215719.587:WARNING:dns_config_service_win.cc(700)] Failed to read DnsConfig.
[0526/170115.358:ERROR:dxva_video_decode_accelerator_win.cc(1431)] DXVAVDA fatal error: could not LoadLibrary: mf.dll: The specified module could not be found. (0x7E)
[0526/170115.360:ERROR:dxva_video_decode_accelerator_win.cc(1431)] DXVAVDA fatal error: could not LoadLibrary: mfplat.dll: The specified module could not be found. (0x7E)
[0526/170115.361:ERROR:dxva_video_decode_accelerator_win.cc(1431)] DXVAVDA fatal error: could not LoadLibrary: msmpeg2vdec.dll: The specified module could not be found. (0x7E)
[0526/170115.362:ERROR:dxva_video_decode_accelerator_win.cc(1439)] DXVAVDA fatal error: could not LoadLibrary: msvproc.dll: The specified module could not be found. (0x7E)
[0526/170115.491:ERROR:dxva_video_decode_accelerator_win.cc(1341)] DXVAVDA fatal error: Could not load mf.dll: The specified module could not be found. (0x7E)
[0526/170315.514:ERROR:dxva_video_decode_accelerator_win.cc(1431)] DXVAVDA fatal error: could not LoadLibrary: mf.dll: The specified module could not be found. (0x7E)
[0526/170315.515:ERROR:dxva_video_decode_accelerator_win.cc(1431)] DXVAVDA fatal error: could not LoadLibrary: mfplat.dll: The specified module could not be found. (0x7E)
[0526/170315.516:ERROR:dxva_video_decode_accelerator_win.cc(1431)] DXVAVDA fatal error: could not LoadLibrary: msmpeg2vdec.dll: The specified module could not be found. (0x7E)
[0526/170315.516:ERROR:dxva_video_decode_accelerator_win.cc(1439)] DXVAVDA fatal error: could not LoadLibrary: msvproc.dll: The specified module could not be found. (0x7E)
[0529/165448.272:ERROR:dxva_video_decode_accelerator_win.cc(1431)] DXVAVDA fatal error: could not LoadLibrary: mf.dll: The specified module could not be found. (0x7E)
[0529/165448.275:ERROR:dxva_video_decode_accelerator_win.cc(1431)] DXVAVDA fatal error: could not LoadLibrary: mfplat.dll: The specified module could not be found. (0x7E)
[0529/165448.276:ERROR:dxva_video_decode_accelerator_win.cc(1431)] DXVAVDA fatal error: could not LoadLibrary: msmpeg2vdec.dll: The specified module could not be found. (0x7E)
[0529/165448.277:ERROR:dxva_video_decode_accelerator_win.cc(1439)] DXVAVDA fatal error: could not LoadLibrary: msvproc.dll: The specified module could not be found. (0x7E)
[0529/165448.472:ERROR:dxva_video_decode_accelerator_win.cc(1341)] DXVAVDA fatal error: Could not load mf.dll: The specified module could not be found. (0x7E)
[0529/165648.210:ERROR:dxva_video_decode_accelerator_win.cc(1431)] DXVAVDA fatal error: could not LoadLibrary: mf.dll: The specified module could not be found. (0x7E)
[0529/165648.211:ERROR:dxva_video_decode_accelerator_win.cc(1431)] DXVAVDA fatal error: could not LoadLibrary: mfplat.dll: The specified module could not be found. (0x7E)
[0529/165648.212:ERROR:dxva_video_decode_accelerator_win.cc(1431)] DXVAVDA fatal error: could not LoadLibrary: msmpeg2vdec.dll: The specified module could not be found. (0x7E)
[0529/165648.212:ERROR:dxva_video_decode_accelerator_win.cc(1439)] DXVAVDA fatal error: could not LoadLibrary: msvproc.dll: The specified module could not be found. (0x7E)
[0530/193337.130:ERROR:dxva_video_decode_accelerator_win.cc(1431)] DXVAVDA fatal error: could not LoadLibrary: mf.dll: The specified module could not be found. (0x7E)
[0530/193337.131:ERROR:dxva_video_decode_accelerator_win.cc(1431)] DXVAVDA fatal error: could not LoadLibrary: mfplat.dll: The specified module could not be found. (0x7E)
[0530/193337.133:ERROR:dxva_video_decode_accelerator_win.cc(1431)] DXVAVDA fatal error: could not LoadLibrary: msmpeg2vdec.dll: The specified module could not be found. (0x7E)
[0530/193337.135:ERROR:dxva_video_decode_accelerator_win.cc(1439)] DXVAVDA fatal error: could not LoadLibrary: msvproc.dll: The specified module could not be found. (0x7E)
[0530/193337.306:ERROR:dxva_video_decode_accelerator_win.cc(1341)] DXVAVDA fatal error: Could not load mf.dll: The specified module could not be found. (0x7E)
[0530/193537.164:ERROR:dxva_video_decode_accelerator_win.cc(1431)] DXVAVDA fatal error: could not LoadLibrary: mf.dll: The specified module could not be found. (0x7E)
[0530/193537.165:ERROR:dxva_video_decode_accelerator_win.cc(1431)] DXVAVDA fatal error: could not LoadLibrary: mfplat.dll: The specified module could not be found. (0x7E)
[0530/193537.166:ERROR:dxva_video_decode_accelerator_win.cc(1431)] DXVAVDA fatal error: could not LoadLibrary: msmpeg2vdec.dll: The specified module could not be found. (0x7E)
[0530/193537.167:ERROR:dxva_video_decode_accelerator_win.cc(1439)] DXVAVDA fatal error: could not LoadLibrary: msvproc.dll: The specified module could not be found. (0x7E)
